Version: 1.6.13
Loading settings
Starting up
Loading text
Initializing Video
Video: 1280x720, fullscreen
Video Initialized
Renderer: OpenGL version 4.6 (GL_VERSION: 4.6 (Compatibility Profile) Mesa 24.0.9-0ubuntu0.3)
Creating FBO...
GalaxyAPI initialized.
Starting audio library...
Audio Initialized!
Resource Preload: 8.293
Initializing animations...
Animations Initialized!
Loading Ship Blueprints....
Blueprints Loaded!
Initializing Sound Data....
Generating world...
Loading achievements...
Loading score file...
Running Game!
